****************************************
Report : qor
Design : dut_toplevel
Version: V-2023.12
Date   : Wed May 28 12:57:07 2025
****************************************



Cell Count
----------------------------------------
Hierarchical Cell Count:              0
Hierarchical Port Count:              0
Leaf Cell Count:                   1217
Buf/Inv Cell Count:                  37
Buf Cell Count:                      14
Inv Cell Count:                      23
Combinational Cell Count:           878
   Single-bit Isolation Cell Count:                        0
   Multi-bit Isolation Cell Count:                         0
   Isolation Cell Banking Ratio:                           0.00%
   Single-bit Level Shifter Cell Count:                    0
   Multi-bit Level Shifter Cell Count:                     0
   Level Shifter Cell Banking Ratio:                       0.00%
   Single-bit ELS Cell Count:                              0
   Multi-bit ELS Cell Count:                               0
   ELS Cell Banking Ratio:                                 0.00%
Sequential Cell Count:              339
   Integrated Clock-Gating Cell Count:                     11
   Sequential Macro Cell Count:                            0
   Single-bit Sequential Cell Count:                       328
   Multi-bit Sequential Cell Count:                        0
   Sequential Cell Banking Ratio:                          0.00%
   BitsPerflop:                                            1.00
Macro Count:                          0
----------------------------------------


Area
----------------------------------------
Combinational Area:              484.80
Noncombinational Area:           431.12
Buf/Inv Area:                      7.81
Total Buffer Area:                 3.73
Total Inverter Area:               4.08
Macro/Black Box Area:              0.00
Net Area:                             0
Net XLength:                    3927.60
Net YLength:                    5008.59
----------------------------------------
Cell Area (netlist):                            915.93
Cell Area (netlist and physical only):          915.93
Net Length:                     8936.18


Design Rules
----------------------------------------
Total Number of Nets:              1649
Nets with Violations:                 3
Max Trans Violations:                 0
Max Cap Violations:                   0
----------------------------------------

1
