****************************************
Report : timing
        -path_type full
        -delay_type min
        -max_paths 1
        -report_by design
Design : dut_toplevel
Version: V-2023.12
Date   : Sat May 31 13:47:22 2025
****************************************

  Startpoint: dut_processing_control_INST/proc_ack_r_reg (rising edge-triggered flip-flop clocked by clk)
  Endpoint: dut_processing_control_INST/proc_ack_r_reg (rising edge-triggered flip-flop clocked by clk)
  Mode: Normal
  Corner: Typical
  Scenario: Normal_Typical
  Path Group: clk
  Path Type: min

  Point                                            Incr      Path  
  ------------------------------------------------------------------------
  clock clk (rise edge)                            0.00      0.00
  clock network delay (ideal)                      0.00      0.00

  dut_processing_control_INST/proc_ack_r_reg/CK (SAEDRVT14_FSDPRBQ_V2_0P5)
                                                   0.00      0.00 r
  dut_processing_control_INST/proc_ack_r_reg/Q (SAEDRVT14_FSDPRBQ_V2_0P5)
                                                   0.02      0.02 f
  ctmi_2122/X (SAEDRVT14_AO32_U_0P5)               0.01      0.03 f
  dut_processing_control_INST/proc_ack_r_reg/D (SAEDRVT14_FSDPRBQ_V2_0P5)
                                                   0.00      0.03 f
  data arrival time                                          0.03

  clock clk (rise edge)                            0.00      0.00
  clock network delay (ideal)                      0.00      0.00
  dut_processing_control_INST/proc_ack_r_reg/CK (SAEDRVT14_FSDPRBQ_V2_0P5)
                                                   0.00      0.00 r
  library hold time                               -0.00     -0.00
  data required time                                        -0.00
  ------------------------------------------------------------------------
  data required time                                        -0.00
  data arrival time                                         -0.03
  ------------------------------------------------------------------------
  slack (MET)                                                0.03


1
