****************************************
Report : qor
Design : dut_toplevel
Version: V-2023.12
Date   : Wed May 28 12:47:35 2025
****************************************



Cell Count
----------------------------------------
Hierarchical Cell Count:              0
Hierarchical Port Count:              0
Leaf Cell Count:                   1190
Buf/Inv Cell Count:                  36
Buf Cell Count:                      13
Inv Cell Count:                      23
Combinational Cell Count:           851
   Single-bit Isolation Cell Count:                        0
   Multi-bit Isolation Cell Count:                         0
   Isolation Cell Banking Ratio:                           0.00%
   Single-bit Level Shifter Cell Count:                    0
   Multi-bit Level Shifter Cell Count:                     0
   Level Shifter Cell Banking Ratio:                       0.00%
   Single-bit ELS Cell Count:                              0
   Multi-bit ELS Cell Count:                               0
   ELS Cell Banking Ratio:                                 0.00%
Sequential Cell Count:              339
   Integrated Clock-Gating Cell Count:                     11
   Sequential Macro Cell Count:                            0
   Single-bit Sequential Cell Count:                       328
   Multi-bit Sequential Cell Count:                        0
   Sequential Cell Banking Ratio:                          0.00%
   BitsPerflop:                                            1.00
Macro Count:                          0
----------------------------------------


Area
----------------------------------------
Combinational Area:              484.98
Noncombinational Area:           431.12
Buf/Inv Area:                     14.70
Total Buffer Area:                10.52
Total Inverter Area:               4.17
Macro/Black Box Area:              0.00
Net Area:                             0
Net XLength:                    4823.85
Net YLength:                    5213.24
----------------------------------------
Cell Area (netlist):                            916.11
Cell Area (netlist and physical only):          916.11
Net Length:                    10037.09


Design Rules
----------------------------------------
Total Number of Nets:              1621
Nets with Violations:                 2
Max Trans Violations:                 0
Max Cap Violations:                   0
----------------------------------------

1
