****************************************
Report : design
Design : dut_toplevel
Version: V-2023.12
Date   : Wed May 28 12:51:19 2025
****************************************

Total number of std cells in library : 860
Total number of dont_use lib cells   : 67
Total number of dont_touch lib cells : 17
Total number of buffers              : 59
Total number of inverters            : 46
Total number of flip-flops           : 173
Total number of latches              : 45
Total number of ICGs                 : 30

Cell Instance Type  Count         Area
--------------------------------------
TOTAL LEAF CELLS     1219      916.904
unit                 1219      916.904
Standard cells       1219      916.904
unit                 1219      916.904
Hard macro cells        0        0.000
unit                 1219      916.904
Soft macro cells        0        0.000
unit                 1219      916.904
Always on cells         0        0.000
unit                 1219      916.904
Physical only           0        0.000
unit                 1219      916.904
Fixed cells             0        0.000
unit                 1219      916.904
Moveable cells       1219      916.904
unit                 1219      916.904
Placed cells         1219      916.904
unit                 1219      916.904
Sequential            339      431.124
unit                 1219      916.904
Buffer/inverter        37        7.814
unit                 1219      916.904
ICG cells              11        8.791
unit                 1219      916.904

Logic Hierarchies                    : 0
Design Masters count                 : 34
Total Flat nets count                : 1649
Total FloatingNets count             : 0
Total no of Ports                    : 170
Number of Master Clocks in design    : 0
Number of Generated Clocks in design : 0
Number of Path Groups in design      : 6 (0 of them Non Default)
Number of Scan Chains in design      : 0
List of Modes                        : Normal
List of Corners                      : Typical
List of Scenarios                    : Normal_Typical

Core Area                            : 1270.506
Chip Area                            : 1270.506
Total Site Row Area                  : 1270.506
Number of Blockages                  : 0
Total area of Blockages              : 0.000
Number of Power Domains              : 1
Number of Voltage Areas              : 1
Number of Group Bounds               : 0
Number of Exclusive MoveBounds       : 0
Number of Hard or Soft MoveBounds    : 0
Number of Multibit Registers         : 0
Number of Multibit LS/ISO Cells      : 0
Number of Top Level RP Groups        : 0
Number of Tech Layers                : 64 (54 of them have unknown routing dir.)

Total wire length                    : 0.00 micron
Total number of wires                : 0
Total number of contacts             : 0
1
