****************************************
Report : timing
        -path_type full
        -delay_type max
        -max_paths 1
        -report_by design
Design : dut_toplevel
Version: V-2023.12
Date   : Sat May 31 13:46:01 2025
****************************************

  Startpoint: dut_fifo_INST/fifo_wptr_r_reg[0] (rising edge-triggered flip-flop clocked by clk)
  Endpoint: math_wrapper_INST/out_data_r_reg[34] (rising edge-triggered flip-flop clocked by clk)
  Mode: Normal
  Corner: Typical
  Scenario: Normal_Typical
  Path Group: clk
  Path Type: max

  Point                                            Incr      Path  
  ------------------------------------------------------------------------
  clock clk (rise edge)                            0.00      0.00
  clock network delay (ideal)                      0.00      0.00

  dut_fifo_INST/fifo_wptr_r_reg[0]/CK (SAEDRVT14_FSDPRBQ_V2_0P5)
                                                   0.00      0.00 r
  dut_fifo_INST/fifo_wptr_r_reg[0]/Q (SAEDRVT14_FSDPRBQ_V2_0P5)
                                                   0.02      0.02 r
  ctmi_2075/X (SAEDRVT14_INV_0P5)                  0.01      0.03 f
  ctmi_2073/X (SAEDRVT14_OAI22_0P5)                0.01      0.04 r
  ctmi_2072/X (SAEDRVT14_OAI21_0P5)                0.01      0.05 f
  ctmi_2070/X (SAEDRVT14_AOI21_0P5)                0.01      0.06 r
  ctmi_2076/X (SAEDRVT14_ND2_CDC_0P5)              0.01      0.07 f
  ctmi_2081/X (SAEDRVT14_OAI21_0P5)                0.01      0.08 r
  ctmi_2082/X (SAEDRVT14_INV_0P5)                  0.01      0.09 f
  ctmi_2079/X (SAEDRVT14_NR2_1)                    0.01      0.10 r
  ctmi_2096/X (SAEDRVT14_NR2_1)                    0.01      0.10 f
  ctmi_2099/X (SAEDRVT14_AN4_0P5)                  0.09      0.19 f
  ctmi_2143/X (SAEDRVT14_NR2_1)                    0.09      0.28 r
  ctmi_2263/X (SAEDRVT14_AO222_1)                  0.04      0.31 r
  DP_OP_33_12155_941_J1/ctmi_2284/X (SAEDRVT14_INV_0P5)
                                                   0.02      0.34 f
  DP_OP_33_12155_941_J1/ctmi_2282/X (SAEDRVT14_NR2_1)
                                                   0.01      0.35 r
  DP_OP_33_12155_941_J1/U_396/CO (SAEDRVT14_ADDH_0P5)
                                                   0.01      0.36 r
  DP_OP_33_12155_941_J1/U_398/S (SAEDRVT14_ADDF_V1_1)
                                                   0.04      0.40 f
  DP_OP_33_12155_941_J1/U_673/CO (SAEDRVT14_ADDF_V1_1)
                                                   0.02      0.42 f
  DP_OP_33_12155_941_J1/U_675/CO (SAEDRVT14_ADDF_V1_1)
                                                   0.02      0.44 f
  DP_OP_33_12155_941_J1/U_678/CO (SAEDRVT14_ADDF_V1_1)
                                                   0.02      0.46 f
  DP_OP_33_12155_941_J1/U_680/CO (SAEDRVT14_ADDF_V1_1)
                                                   0.02      0.47 f
  DP_OP_33_12155_941_J1/U_683/CO (SAEDRVT14_ADDF_V1_1)
                                                   0.02      0.49 f
  DP_OP_33_12155_941_J1/U_685/CO (SAEDRVT14_ADDF_V1_1)
                                                   0.02      0.51 f
  DP_OP_33_12155_941_J1/U_688/CO (SAEDRVT14_ADDF_V1_1)
                                                   0.02      0.53 f
  DP_OP_33_12155_941_J1/U_690/CO (SAEDRVT14_ADDF_V1_1)
                                                   0.02      0.54 f
  DP_OP_33_12155_941_J1/U_693/CO (SAEDRVT14_ADDF_V1_1)
                                                   0.02      0.56 f
  DP_OP_33_12155_941_J1/U_695/CO (SAEDRVT14_ADDF_V1_1)
                                                   0.02      0.58 f
  DP_OP_33_12155_941_J1/U_698/CO (SAEDRVT14_ADDF_V1_1)
                                                   0.02      0.60 f
  DP_OP_33_12155_941_J1/U_700/CO (SAEDRVT14_ADDF_V1_1)
                                                   0.02      0.61 f
  DP_OP_33_12155_941_J1/U_703/CO (SAEDRVT14_ADDF_V1_1)
                                                   0.02      0.63 f
  DP_OP_33_12155_941_J1/U_705/CO (SAEDRVT14_ADDF_V1_1)
                                                   0.02      0.65 f
  DP_OP_33_12155_941_J1/U_708/CO (SAEDRVT14_ADDF_V1_1)
                                                   0.02      0.67 f
  DP_OP_33_12155_941_J1/U_710/CO (SAEDRVT14_ADDF_V1_1)
                                                   0.02      0.68 f
  DP_OP_33_12155_941_J1/U_713/CO (SAEDRVT14_ADDF_V1_1)
                                                   0.02      0.70 f
  DP_OP_33_12155_941_J1/U_715/CO (SAEDRVT14_ADDF_V1_1)
                                                   0.02      0.72 f
  DP_OP_33_12155_941_J1/U_718/CO (SAEDRVT14_ADDF_V1_1)
                                                   0.02      0.74 f
  DP_OP_33_12155_941_J1/U_720/CO (SAEDRVT14_ADDF_V1_1)
                                                   0.02      0.75 f
  DP_OP_33_12155_941_J1/U_723/CO (SAEDRVT14_ADDF_V1_1)
                                                   0.02      0.77 f
  DP_OP_33_12155_941_J1/U_725/CO (SAEDRVT14_ADDF_V1_1)
                                                   0.02      0.79 f
  DP_OP_33_12155_941_J1/U_728/CO (SAEDRVT14_ADDF_V1_1)
                                                   0.02      0.81 f
  DP_OP_33_12155_941_J1/U_730/CO (SAEDRVT14_ADDF_V1_1)
                                                   0.02      0.82 f
  DP_OP_33_12155_941_J1/U_733/CO (SAEDRVT14_ADDF_V1_1)
                                                   0.02      0.84 f
  DP_OP_33_12155_941_J1/U_735/CO (SAEDRVT14_ADDF_V1_1)
                                                   0.02      0.86 f
  DP_OP_33_12155_941_J1/U_738/CO (SAEDRVT14_ADDF_V1_1)
                                                   0.02      0.88 f
  DP_OP_33_12155_941_J1/U_740/CO (SAEDRVT14_ADDF_V1_1)
                                                   0.02      0.89 f
  DP_OP_33_12155_941_J1/U_743/CO (SAEDRVT14_ADDF_V1_1)
                                                   0.02      0.91 f
  DP_OP_33_12155_941_J1/U_745/CO (SAEDRVT14_ADDF_V1_1)
                                                   0.02      0.93 f
  DP_OP_33_12155_941_J1/U_748/CO (SAEDRVT14_ADDF_V1_1)
                                                   0.02      0.95 f
  DP_OP_33_12155_941_J1/U_750/S (SAEDRVT14_ADDF_V1_1)
                                                   0.03      0.98 r
  math_wrapper_INST/out_data_r_reg[34]/D (SAEDRVT14_FSDPRBQ_V2_0P5)
                                                   0.00      0.98 r
  data arrival time                                          0.98

  clock clk (rise edge)                            3.00      3.00
  clock network delay (ideal)                      0.00      3.00
  math_wrapper_INST/out_data_r_reg[34]/CK (SAEDRVT14_FSDPRBQ_V2_0P5)
                                                   0.00      3.00 r
  library setup time                              -0.02      2.98
  data required time                                         2.98
  ------------------------------------------------------------------------
  data required time                                         2.98
  data arrival time                                         -0.98
  ------------------------------------------------------------------------
  slack (MET)                                                2.01


1
