****************************************
Report : area
Design : dut_toplevel
Version: V-2023.12
Date   : Wed May 28 12:36:05 2025
****************************************

Number of ports:                          242
Number of nets:                          1716
Number of cells:                         1213
Number of combinational cells:            874
Number of sequential cells:               339
Number of macros/black boxes:               0
Number of buf/inv:                         59
Number of references:                      23

Combinational area:                    475.57
Buf/Inv area:                           10.48
Noncombinational area:                 431.12
Macro/Black Box area:                    0.00

Total cell area:                       906.69
1
