****************************************
Report : qor
Design : dut_toplevel
Version: V-2023.12
Date   : Wed Jun  4 10:37:54 2025
****************************************


Scenario           'Normal_Typical'
Timing Path Group  'clk'
----------------------------------------
Levels of Logic:                     48
Critical Path Length:              1.30
Critical Path Slack:               1.68
Critical Path Clk Period:          3.00
Total Negative Slack:              0.00
No. of Violating Paths:               0
Worst Hold Violation:              0.00
Total Hold Violation:              0.00
No. of Hold Violations:               0
----------------------------------------


Cell Count
----------------------------------------
Hierarchical Cell Count:              0
Hierarchical Port Count:              0
Leaf Cell Count:                   1177
Buf/Inv Cell Count:                  23
Buf Cell Count:                       0
Inv Cell Count:                      23
Combinational Cell Count:           838
   Single-bit Isolation Cell Count:                        0
   Multi-bit Isolation Cell Count:                         0
   Isolation Cell Banking Ratio:                           0.00%
   Single-bit Level Shifter Cell Count:                    0
   Multi-bit Level Shifter Cell Count:                     0
   Level Shifter Cell Banking Ratio:                       0.00%
   Single-bit ELS Cell Count:                              0
   Multi-bit ELS Cell Count:                               0
   ELS Cell Banking Ratio:                                 0.00%
Sequential Cell Count:              339
   Integrated Clock-Gating Cell Count:                     11
   Sequential Macro Cell Count:                            0
   Single-bit Sequential Cell Count:                       328
   Multi-bit Sequential Cell Count:                        0
   Sequential Cell Banking Ratio:                          0.00%
   BitsPerflop:                                            1.00
Macro Count:                          0
----------------------------------------


Area
----------------------------------------
Combinational Area:              473.13
Noncombinational Area:           431.12
Buf/Inv Area:                      4.08
Total Buffer Area:                 0.00
Total Inverter Area:               4.08
Macro/Black Box Area:              0.00
Net Area:                             0
Net XLength:                    5031.09
Net YLength:                    5264.96
----------------------------------------
Cell Area (netlist):                            904.25
Cell Area (netlist and physical only):          904.25
Net Length:                    10296.05


Design Rules
----------------------------------------
Total Number of Nets:              1608
Nets with Violations:                 1
Max Trans Violations:                 0
Max Cap Violations:                   0
----------------------------------------

1
